{
  "RSpec": {
    "coverage": {
      "/Users/marcus/projects/dominion_rules/lib/dominion_rules.rb": [
        1,
        1,
        1,
        null
      ],
      "/Users/marcus/projects/dominion_rules/lib/dominion_rules/player.rb": [
        1,
        1,
        null,
        1,
        21,
        21,
        null,
        null,
        1,
        0,
        0,
        null,
        null,
        null,
        null,
        null
      ],
      "/Users/marcus/projects/dominion_rules/lib/dominion_rules/combat_round.rb": [
        1,
        null,
        1,
        1,
        null,
        null,
        1,
        6,
        6,
        null,
        null,
        1,
        20,
        null,
        null,
        1,
        1,
        null,
        null,
        1,
        2,
        null,
        null,
        1,
        4,
        null,
        null,
        1,
        4,
        null,
        null,
        1,
        null,
        null,
        null,
        1,
        null,
        null,
        null,
        1,
        null,
        null,
        null,
        null,
        1,
        6,
        null,
        null,
        6,
        null,
        20,
        null,
        null,
        null,
        null,
        20,
        2,
        null,
        18,
        null,
        null,
        null,
        null,
        null,
        null,
        null,
        6,
        20,
        18,
        null,
        20,
        null,
        null,
        null,
        null,
        6,
        18,
        2,
        null,
        null,
        null,
        null,
        null,
        6,
        null,
        null,
        6,
        6,
        18,
        18,
        20,
        null,
        null,
        null,
        null,
        6,
        null,
        null
      ],
      "/Users/marcus/projects/dominion_rules/lib/dominion_rules/dice.rb": [
        1,
        1,
        1,
        1,
        null,
        null,
        null
      ]
    },
    "timestamp": 1368267640
  }
}
