{
  "RSpec": {
    "coverage": {
      "/Users/marcus/projects/dominion_rules/lib/dominion_rules.rb": [
        1,
        1,
        1,
        null
      ],
      "/Users/marcus/projects/dominion_rules/lib/dominion_rules/player.rb": [
        1,
        1,
        null,
        1,
        7,
        7,
        null,
        null,
        1,
        7,
        null,
        null,
        null,
        null
      ],
      "/Users/marcus/projects/dominion_rules/lib/dominion_rules/combat_round.rb": [
        1,
        null,
        1,
        3,
        null,
        null,
        1,
        7,
        null,
        null,
        1,
        1,
        1,
        1,
        1,
        null,
        null,
        null,
        1,
        null,
        null,
        1,
        2,
        2,
        3,
        null,
        2,
        null,
        null,
        null,
        1,
        1,
        null,
        null,
        null,
        null,
        null,
        null,
        null,
        null,
        null,
        null,
        null,
        1,
        null,
        1,
        null,
        1,
        null,
        null,
        3,
        0,
        null,
        3,
        null,
        null,
        null,
        4,
        null,
        null,
        null,
        1,
        3,
        0,
        null,
        null,
        1,
        1,
        null,
        4,
        null,
        1,
        1,
        null,
        1,
        null,
        null,
        null,
        null,
        null,
        null,
        null,
        null,
        null
      ],
      "/Users/marcus/projects/dominion_rules/lib/dominion_rules/dice.rb": [
        1,
        1,
        0,
        null,
        null,
        1,
        1,
        1,
        1,
        null,
        null,
        1,
        0,
        0,
        0,
        null,
        null,
        1,
        0,
        0,
        null,
        null,
        null,
        null
      ]
    },
    "timestamp": 1366908996
  }
}
